<?xml version="1.0" encoding="UTF-8"?>
<coverage generated="1667220824564" clover="3.2.0">
  <project timestamp="1667220824564" name="All files">
    <metrics statements="13" coveredstatements="3" conditionals="2" coveredconditionals="0" methods="4" coveredmethods="1" elements="19" coveredelements="4" complexity="0" loc="13" ncloc="13" packages="1" files="1" classes="1"/>
    <file name="list.js" path="/home/ezan99/Desktop/test-frontend/scripts/list.js">
      <metrics statements="13" coveredstatements="3" conditionals="2" coveredconditionals="0" methods="4" coveredmethods="1"/>
      <line num="3" count="1" type="stmt"/>
      <line num="5" count="1" type="stmt"/>
      <line num="13" count="0" type="stmt"/>
      <line num="15" count="0" type="stmt"/>
      <line num="18" count="0" type="stmt"/>
      <line num="19" count="0" type="stmt"/>
      <line num="20" count="0" type="cond" truecount="0" falsecount="2"/>
      <line num="21" count="0" type="stmt"/>
      <line num="23" count="0" type="stmt"/>
      <line num="44" count="0" type="stmt"/>
      <line num="50" count="0" type="stmt"/>
      <line num="51" count="0" type="stmt"/>
      <line num="59" count="1" type="stmt"/>
    </file>
  </project>
</coverage>
