{"/home/ezan99/Desktop/test-frontend/scripts/list.js": {"path":"/home/ezan99/Desktop/test-frontend/scripts/list.js","statementMap":{"0":{"start":{"line":3,"column":21},"end":{"line":3,"column":89}},"1":{"start":{"line":5,"column":4},"end":{"line":5,"column":26}},"2":{"start":{"line":13,"column":15},"end":{"line":13,"column":32}},"3":{"start":{"line":15,"column":22},"end":{"line":15,"column":61}},"4":{"start":{"line":18,"column":23},"end":{"line":41,"column":6}},"5":{"start":{"line":19,"column":24},"end":{"line":19,"column":39}},"6":{"start":{"line":20,"column":8},"end":{"line":22,"column":9}},"7":{"start":{"line":21,"column":12},"end":{"line":21,"column":37}},"8":{"start":{"line":23,"column":8},"end":{"line":40,"column":9}},"9":{"start":{"line":44,"column":4},"end":{"line":44,"column":36}},"10":{"start":{"line":50,"column":4},"end":{"line":50,"column":34}},"11":{"start":{"line":51,"column":4},"end":{"line":51,"column":50}},"12":{"start":{"line":59,"column":0},"end":{"line":59,"column":30}}},"fnMap":{"0":{"name":"fetchTaks","decl":{"start":{"line":2,"column":15},"end":{"line":2,"column":24}},"loc":{"start":{"line":2,"column":27},"end":{"line":8,"column":1}},"line":2},"1":{"name":"displayTasks","decl":{"start":{"line":11,"column":15},"end":{"line":11,"column":27}},"loc":{"start":{"line":11,"column":30},"end":{"line":45,"column":1}},"line":11},"2":{"name":"(anonymous_2)","decl":{"start":{"line":18,"column":32},"end":{"line":18,"column":33}},"loc":{"start":{"line":18,"column":42},"end":{"line":41,"column":5}},"line":18},"3":{"name":"viewTask","decl":{"start":{"line":48,"column":9},"end":{"line":48,"column":17}},"loc":{"start":{"line":48,"column":22},"end":{"line":52,"column":1}},"line":48}},"branchMap":{"0":{"loc":{"start":{"line":20,"column":8},"end":{"line":22,"column":9}},"type":"if","locations":[{"start":{"line":20,"column":8},"end":{"line":22,"column":9}},{"start":{},"end":{}}],"line":20}},"s":{"0":1,"1":1,"2":0,"3":0,"4":0,"5":0,"6":0,"7":0,"8":0,"9":0,"10":0,"11":0,"12":1},"f":{"0":1,"1":0,"2":0,"3":0},"b":{"0":[0,0]},"_coverageSchema":"1a1c01bbd47fc00a2c39e90264f33305004495a9","hash":"3650babcdf21d5eab8dd6a0a663f98e8ff723274"}
}
